TN:
SF:src/services/socket/useStompClient.tsx
FN:32,(anonymous_0)
FN:49,(anonymous_1)
FN:52,(anonymous_2)
FN:66,(anonymous_3)
FN:75,(anonymous_4)
FN:80,(anonymous_5)
FN:87,(anonymous_6)
FN:97,(anonymous_7)
FN:102,(anonymous_8)
FN:106,(anonymous_9)
FN:115,(anonymous_10)
FN:130,(anonymous_11)
FN:138,(anonymous_12)
FN:146,(anonymous_13)
FN:154,(anonymous_14)
FN:170,(anonymous_15)
FN:178,(anonymous_16)
FN:185,(anonymous_17)
FN:212,(anonymous_18)
FN:219,(anonymous_19)
FN:226,(anonymous_20)
FNF:21
FNH:15
FNDA:28,(anonymous_0)
FNDA:1,(anonymous_1)
FNDA:0,(anonymous_2)
FNDA:8,(anonymous_3)
FNDA:10,(anonymous_4)
FNDA:10,(anonymous_5)
FNDA:1,(anonymous_6)
FNDA:1,(anonymous_7)
FNDA:0,(anonymous_8)
FNDA:1,(anonymous_9)
FNDA:2,(anonymous_10)
FNDA:1,(anonymous_11)
FNDA:0,(anonymous_12)
FNDA:0,(anonymous_13)
FNDA:0,(anonymous_14)
FNDA:0,(anonymous_15)
FNDA:1,(anonymous_16)
FNDA:26,(anonymous_17)
FNDA:8,(anonymous_18)
FNDA:16,(anonymous_19)
FNDA:26,(anonymous_20)
DA:1,1
DA:2,1
DA:3,1
DA:32,1
DA:38,28
DA:39,28
DA:41,28
DA:42,28
DA:43,28
DA:44,28
DA:45,28
DA:46,28
DA:49,28
DA:50,1
DA:53,0
DA:54,0
DA:58,1
DA:59,1
DA:61,1
DA:65,28
DA:71,8
DA:72,0
DA:75,8
DA:76,10
DA:78,8
DA:81,10
DA:82,10
DA:83,10
DA:84,10
DA:85,10
DA:88,1
DA:89,1
DA:97,28
DA:98,1
DA:99,0
DA:102,1
DA:103,0
DA:105,1
DA:106,1
DA:107,1
DA:108,1
DA:109,1
DA:115,28
DA:120,2
DA:121,0
DA:124,2
DA:125,2
DA:130,28
DA:134,1
DA:135,0
DA:138,1
DA:139,0
DA:142,1
DA:146,28
DA:150,0
DA:151,0
DA:154,0
DA:155,0
DA:156,0
DA:157,0
DA:161,0
DA:170,28
DA:171,0
DA:172,0
DA:174,0
DA:178,28
DA:179,1
DA:180,1
DA:185,28
DA:212,28
DA:213,8
DA:214,8
DA:215,8
DA:219,28
DA:220,16
DA:221,8
DA:222,8
DA:226,28
DA:227,26
DA:228,9
DA:232,28
LF:81
LH:63
BRDA:32,0,0,19
BRDA:52,1,0,1
BRDA:52,1,1,0
BRDA:66,2,0,8
BRDA:66,3,0,8
BRDA:71,4,0,0
BRDA:85,5,0,10
BRDA:85,5,1,10
BRDA:98,6,0,0
BRDA:105,7,0,1
BRDA:109,8,0,1
BRDA:109,8,1,0
BRDA:118,9,0,2
BRDA:120,10,0,0
BRDA:124,11,0,2
BRDA:134,12,0,0
BRDA:142,13,0,1
BRDA:142,13,1,0
BRDA:150,14,0,0
BRDA:155,15,0,0
BRDA:164,16,0,0
BRDA:164,16,1,0
BRDA:171,17,0,0
BRDA:178,18,0,0
BRDA:179,19,0,1
BRDA:213,20,0,0
BRDA:220,21,0,8
BRDA:227,22,0,17
BRF:28
BRH:14
end_of_record
TN:
SF:src/services/store/zustand.ts
FN:10,(anonymous_0)
FN:17,(anonymous_1)
FN:20,(anonymous_2)
FN:21,(anonymous_3)
FN:22,(anonymous_4)
FN:23,(anonymous_5)
FN:24,(anonymous_6)
FN:25,(anonymous_7)
FN:29,(anonymous_8)
FN:34,(anonymous_9)
FN:35,(anonymous_10)
FN:36,(anonymous_11)
FN:37,(anonymous_12)
FN:41,(anonymous_13)
FN:49,(anonymous_14)
FN:49,(anonymous_15)
FN:55,(anonymous_16)
FN:57,(anonymous_17)
FN:62,(anonymous_18)
FN:65,(anonymous_19)
FN:66,(anonymous_20)
FN:67,(anonymous_21)
FN:73,(anonymous_22)
FN:73,(anonymous_23)
FN:74,(anonymous_24)
FN:74,(anonymous_25)
FN:75,(anonymous_26)
FN:76,(anonymous_27)
FN:77,(anonymous_28)
FN:78,(anonymous_29)
FN:82,(anonymous_30)
FN:84,(anonymous_31)
FN:87,(anonymous_32)
FNF:33
FNH:6
FNDA:1,(anonymous_0)
FNDA:0,(anonymous_1)
FNDA:0,(anonymous_2)
FNDA:0,(anonymous_3)
FNDA:0,(anonymous_4)
FNDA:0,(anonymous_5)
FNDA:0,(anonymous_6)
FNDA:0,(anonymous_7)
FNDA:1,(anonymous_8)
FNDA:0,(anonymous_9)
FNDA:0,(anonymous_10)
FNDA:0,(anonymous_11)
FNDA:0,(anonymous_12)
FNDA:1,(anonymous_13)
FNDA:0,(anonymous_14)
FNDA:0,(anonymous_15)
FNDA:1,(anonymous_16)
FNDA:0,(anonymous_17)
FNDA:1,(anonymous_18)
FNDA:0,(anonymous_19)
FNDA:0,(anonymous_20)
FNDA:0,(anonymous_21)
FNDA:0,(anonymous_22)
FNDA:0,(anonymous_23)
FNDA:0,(anonymous_24)
FNDA:0,(anonymous_25)
FNDA:0,(anonymous_26)
FNDA:0,(anonymous_27)
FNDA:0,(anonymous_28)
FNDA:0,(anonymous_29)
FNDA:1,(anonymous_30)
FNDA:0,(anonymous_31)
FNDA:0,(anonymous_32)
DA:7,1
DA:10,1
DA:17,0
DA:20,0
DA:21,0
DA:22,0
DA:23,0
DA:24,0
DA:25,0
DA:29,1
DA:34,0
DA:35,0
DA:36,0
DA:37,0
DA:41,1
DA:49,0
DA:55,1
DA:57,0
DA:62,1
DA:65,0
DA:66,0
DA:67,0
DA:73,0
DA:74,0
DA:75,0
DA:76,0
DA:77,0
DA:78,0
DA:82,1
DA:84,0
DA:87,0
LF:31
LH:7
BRF:0
BRH:0
end_of_record
TN:
SF:src/utils/stomptUtils.ts
FN:25,(anonymous_1)
FN:37,(anonymous_2)
FN:41,(anonymous_3)
FN:64,(anonymous_4)
FN:74,(anonymous_5)
FN:75,(anonymous_6)
FN:81,(anonymous_7)
FN:84,(anonymous_8)
FN:92,(anonymous_9)
FN:117,(anonymous_10)
FN:139,(anonymous_11)
FN:149,(anonymous_12)
FN:166,(anonymous_13)
FN:174,(anonymous_14)
FN:186,(anonymous_15)
FNF:15
FNH:1
FNDA:0,(anonymous_1)
FNDA:1,(anonymous_2)
FNDA:0,(anonymous_3)
FNDA:0,(anonymous_4)
FNDA:0,(anonymous_5)
FNDA:0,(anonymous_6)
FNDA:0,(anonymous_7)
FNDA:0,(anonymous_8)
FNDA:0,(anonymous_9)
FNDA:0,(anonymous_10)
FNDA:0,(anonymous_11)
FNDA:0,(anonymous_12)
FNDA:0,(anonymous_13)
FNDA:0,(anonymous_14)
FNDA:0,(anonymous_15)
DA:1,1
DA:2,1
DA:25,1
DA:26,0
DA:27,0
DA:37,1
DA:41,1
DA:42,1
DA:44,1
DA:50,1
DA:51,1
DA:64,1
DA:74,0
DA:76,0
DA:77,0
DA:79,0
DA:81,0
DA:82,0
DA:85,0
DA:86,0
DA:87,0
DA:89,0
DA:93,0
DA:96,0
DA:97,0
DA:98,0
DA:99,0
DA:101,0
DA:102,0
DA:117,1
DA:123,0
DA:124,0
DA:126,0
DA:139,1
DA:145,0
DA:146,0
DA:149,0
DA:150,0
DA:153,0
DA:166,1
DA:170,0
DA:171,0
DA:174,0
DA:175,0
DA:177,0
DA:186,1
DA:190,0
LF:47
LH:14
BRDA:25,0,0,0
BRDA:42,1,0,1
BRDA:42,1,1,0
BRDA:45,2,0,0
BRDA:45,2,1,1
BRDA:66,3,0,0
BRDA:73,4,0,0
BRDA:74,5,0,0
BRDA:75,6,0,0
BRDA:86,7,0,0
BRDA:86,7,1,0
BRDA:96,8,0,0
BRDA:96,8,1,0
BRDA:98,9,0,0
BRDA:98,9,1,0
BRDA:121,10,0,0
BRDA:123,11,0,0
BRDA:123,12,0,0
BRDA:123,12,1,0
BRDA:143,13,0,0
BRDA:145,14,0,0
BRDA:155,15,0,0
BRDA:155,15,1,0
BRDA:156,16,0,0
BRDA:156,16,1,0
BRDA:170,17,0,0
BRDA:170,18,0,0
BRDA:170,18,1,0
BRDA:177,19,0,0
BRDA:177,19,1,0
BRDA:188,20,0,0
BRF:31
BRH:2
end_of_record
