TN:
SF:src/utils/assertions.ts
FN:1,assertAllConditions
FN:13,assertTypeOfObject
FN:21,assertTypeOfObjectWithSchema
FN:39,assertIsNotUndefined
FN:43,(anonymous_4)
FN:46,assertIsString
FN:50,(anonymous_6)
FN:53,assertIsNumber
FN:57,(anonymous_8)
FN:60,assertIsNotNull
FN:64,(anonymous_10)
FN:67,assertIsNotNullish
FN:71,(anonymous_12)
FN:74,assertIsBoolean
FN:78,(anonymous_14)
FN:81,assertIsObject
FN:85,(anonymous_16)
FN:88,assertIsArray
FN:92,(anonymous_18)
FN:95,assertIsFunction
FN:99,(anonymous_20)
FN:102,assertIsDate
FN:106,(anonymous_22)
FN:109,assertIsSymbol
FN:113,(anonymous_24)
FNF:25
FNH:25
FNDA:22,assertAllConditions
FNDA:4,assertTypeOfObject
FNDA:2,assertTypeOfObjectWithSchema
FNDA:2,assertIsNotUndefined
FNDA:4,(anonymous_4)
FNDA:2,assertIsString
FNDA:4,(anonymous_6)
FNDA:2,assertIsNumber
FNDA:4,(anonymous_8)
FNDA:2,assertIsNotNull
FNDA:4,(anonymous_10)
FNDA:2,assertIsNotNullish
FNDA:4,(anonymous_12)
FNDA:2,assertIsBoolean
FNDA:4,(anonymous_14)
FNDA:2,assertIsObject
FNDA:3,(anonymous_16)
FNDA:2,assertIsArray
FNDA:3,(anonymous_18)
FNDA:2,assertIsFunction
FNDA:3,(anonymous_20)
FNDA:2,assertIsDate
FNDA:4,(anonymous_22)
FNDA:2,assertIsSymbol
FNDA:4,(anonymous_24)
DA:1,1
DA:6,22
DA:7,41
DA:8,11
DA:13,1
DA:18,4
DA:21,1
DA:26,2
DA:28,4
DA:29,4
DA:30,4
DA:31,1
DA:34,0
DA:39,1
DA:43,4
DA:46,1
DA:50,4
DA:53,1
DA:57,4
DA:60,1
DA:64,4
DA:67,1
DA:71,4
DA:74,1
DA:78,4
DA:81,1
DA:85,3
DA:88,1
DA:92,3
DA:95,1
DA:99,3
DA:102,1
DA:106,4
DA:109,1
DA:113,4
LF:35
LH:34
BRDA:7,0,0,11
BRDA:18,1,0,4
BRDA:18,1,1,0
BRDA:28,2,0,4
BRDA:28,2,1,0
BRDA:30,3,0,1
BRDA:31,4,0,1
BRDA:31,4,1,1
BRDA:43,5,0,2
BRDA:43,5,1,2
BRDA:50,6,0,2
BRDA:50,6,1,2
BRDA:57,7,0,2
BRDA:57,7,1,2
BRDA:64,8,0,2
BRDA:64,8,1,2
BRDA:71,9,0,4
BRDA:71,9,1,3
BRDA:71,10,0,2
BRDA:71,10,1,2
BRDA:78,11,0,2
BRDA:78,11,1,2
BRDA:85,12,0,3
BRDA:85,12,1,2
BRDA:85,13,0,2
BRDA:85,13,1,2
BRDA:92,14,0,2
BRDA:92,14,1,2
BRDA:99,15,0,2
BRDA:99,15,1,2
BRDA:106,16,0,4
BRDA:106,16,1,3
BRDA:106,17,0,2
BRDA:106,17,1,2
BRDA:113,18,0,2
BRDA:113,18,1,2
BRF:36
BRH:34
end_of_record
